#
# There is insufficient memory for the Java Runtime Environment to continue.
# Native memory allocation (malloc) failed to allocate 1729776 bytes. Error detail: Chunk::new
# Possible reasons:
#   The system is out of physical RAM or swap space
#   This process is running with CompressedOops enabled, and the Java Heap may be blocking the growth of the native heap
# Possible solutions:
#   Reduce memory load on the system
#   Increase physical memory or swap space
#   Check if swap backing store is full
#   Decrease Java heap size (-Xmx/-Xms)
#   Decrease number of Java threads
#   Decrease Java thread stack sizes (-Xss)
#   Set larger code cache with -XX:ReservedCodeCacheSize=
#   JVM is running with Unscaled Compressed Oops mode in which the Java heap is
#     placed in the first 4GB address space. The Java Heap base address is the
#     maximum limit for the native heap growth. Please use -XX:HeapBaseMinAddress
#     to set the Java Heap base and to place the Java Heap above 4GB virtual address.
# This output file may be truncated or incomplete.
#
#  Out of Memory Error (arena.cpp:168), pid=25848, tid=2220
#
# JRE version: OpenJDK Runtime Environment Temurin-21.0.10+7 (21.0.10+7) (build 21.0.10+7-LTS)
# Java VM: OpenJDK 64-Bit Server VM Temurin-21.0.10+7 (21.0.10+7-LTS, mixed mode, sharing, tiered, compressed oops, compressed class ptrs, parallel gc, windows-amd64)
# No core dump will be written. Minidumps are not enabled by default on client versions of Windows
#

---------------  S U M M A R Y ------------

Command Line: --add-modules=ALL-SYSTEM --add-opens=java.base/java.util=ALL-UNNAMED --add-opens=java.base/java.lang=ALL-UNNAMED --add-opens=java.base/sun.nio.fs=ALL-UNNAMED -Declipse.application=org.eclipse.jdt.ls.core.id1 -Dosgi.bundles.defaultStartLevel=4 -Declipse.product=org.eclipse.jdt.ls.core.product -Djava.import.generatesMetadataFilesAtProjectRoot=false -DDetectVMInstallationsJob.disabled=true -Dfile.encoding=utf8 -XX:+UseParallelGC -XX:GCTimeRatio=4 -XX:AdaptiveSizePolicyWeight=90 -Dsun.zip.disableMemoryMapping=true -Xmx2G -Xms100m -Xlog:disable -javaagent:c:\Users\Meows\.cursor\extensions\redhat.java-1.54.0-win32-x64\lombok\lombok-1.18.39-4050.jar c:\Users\Meows\.cursor\extensions\redhat.java-1.54.0-win32-x64\server\plugins\org.eclipse.equinox.launcher_1.7.100.v20251111-0406.jar -configuration c:\Users\Meows\AppData\Roaming\Cursor\User\globalStorage\redhat.java\1.54.0\config_ss_win -data c:\Users\Meows\AppData\Roaming\Cursor\User\workspaceStorage\7809781056538ad79a90337956619b81\redhat.java\ss_ws --pipe=\\.\pipe\lsp-0051663f9f71d28e6f7f4366618728ff-sock

Host: Intel(R) Core(TM) i5-10400F CPU @ 2.90GHz, 12 cores, 31G,  Windows 10 , 64 bit Build 19041 (10.0.19041.5915)
Time: Sun Apr 19 20:52:59 2026 elapsed time: 6.916486 seconds (0d 0h 0m 6s)

---------------  T H R E A D  ---------------

Current thread (0x0000019d6223e880):  JavaThread "C2 CompilerThread0" daemon [_thread_in_native, id=2220, stack(0x0000000ea9200000,0x0000000ea9300000) (1024K)]


Current CompileTask:
C2:6916 3250       4       java.lang.invoke.MethodType::makeImpl (109 bytes)

Stack: [0x0000000ea9200000,0x0000000ea9300000]
Native frames: (J=compiled Java code, j=interpreted, Vv=VM code, C=native code)
V  [jvm.dll+0x6d7a39]
V  [jvm.dll+0x8b4b26]
V  [jvm.dll+0x8b70de]
V  [jvm.dll+0x8b77c3]
V  [jvm.dll+0x284346]
V  [jvm.dll+0xc66ed]
V  [jvm.dll+0xc6c31]
V  [jvm.dll+0x3bec01]
V  [jvm.dll+0x38b162]
V  [jvm.dll+0x38a5aa]
V  [jvm.dll+0x24c560]
V  [jvm.dll+0x24bb40]
V  [jvm.dll+0x1cb34e]
V  [jvm.dll+0x25b85d]
V  [jvm.dll+0x259dea]
V  [jvm.dll+0x3f857e]
V  [jvm.dll+0x85f59d]
V  [jvm.dll+0x6d626d]
C  [ucrtbase.dll+0x21bb2]
C  [KERNEL32.DLL+0x17374]
C  [ntdll.dll+0x4cc91]


---------------  P R O C E S S  ---------------

Threads class SMR info:
_java_thread_list=0x0000019d675f2110, length=33, elements={
0x0000019d087fb1a0, 0x0000019d1f2a6560, 0x0000019d1f2a7ce0, 0x0000019d1f2a9b60,
0x0000019d1f2aad00, 0x0000019d1f2ac720, 0x0000019d6223ade0, 0x0000019d6223e880,
0x0000019d6223fd20, 0x0000019d6244c6b0, 0x0000019d6259db30, 0x0000019d62c807e0,
0x0000019d62a544a0, 0x0000019d67161a10, 0x0000019d67056b60, 0x0000019d62d75040,
0x0000019d62d756b0, 0x0000019d67165ed0, 0x0000019d624b3970, 0x0000019d624b1f30,
0x0000019d6709b010, 0x0000019d624b25c0, 0x0000019d624b4d20, 0x0000019d624b32e0,
0x0000019d624b2c50, 0x0000019d624b4000, 0x0000019d624b18a0, 0x0000019d624b4690,
0x0000019d62c9cc00, 0x0000019d677cbdf0, 0x0000019d677cf270, 0x0000019d677ce550,
0x0000019d677cc480
}

Java Threads: ( => current thread )
  0x0000019d087fb1a0 JavaThread "main"                              [_thread_blocked, id=1144, stack(0x0000000ea8800000,0x0000000ea8900000) (1024K)]
  0x0000019d1f2a6560 JavaThread "Reference Handler"          daemon [_thread_blocked, id=18948, stack(0x0000000ea8c00000,0x0000000ea8d00000) (1024K)]
  0x0000019d1f2a7ce0 JavaThread "Finalizer"                  daemon [_thread_blocked, id=7120, stack(0x0000000ea8d00000,0x0000000ea8e00000) (1024K)]
  0x0000019d1f2a9b60 JavaThread "Signal Dispatcher"          daemon [_thread_blocked, id=21520, stack(0x0000000ea8e00000,0x0000000ea8f00000) (1024K)]
  0x0000019d1f2aad00 JavaThread "Attach Listener"            daemon [_thread_blocked, id=32500, stack(0x0000000ea8f00000,0x0000000ea9000000) (1024K)]
  0x0000019d1f2ac720 JavaThread "Service Thread"             daemon [_thread_blocked, id=2940, stack(0x0000000ea9000000,0x0000000ea9100000) (1024K)]
  0x0000019d6223ade0 JavaThread "Monitor Deflation Thread"   daemon [_thread_blocked, id=12680, stack(0x0000000ea9100000,0x0000000ea9200000) (1024K)]
=>0x0000019d6223e880 JavaThread "C2 CompilerThread0"         daemon [_thread_in_native, id=2220, stack(0x0000000ea9200000,0x0000000ea9300000) (1024K)]
  0x0000019d6223fd20 JavaThread "C1 CompilerThread0"         daemon [_thread_blocked, id=33168, stack(0x0000000ea9300000,0x0000000ea9400000) (1024K)]
  0x0000019d6244c6b0 JavaThread "Common-Cleaner"             daemon [_thread_blocked, id=16900, stack(0x0000000ea9500000,0x0000000ea9600000) (1024K)]
  0x0000019d6259db30 JavaThread "Notification Thread"        daemon [_thread_blocked, id=36008, stack(0x0000000ea9600000,0x0000000ea9700000) (1024K)]
  0x0000019d62c807e0 JavaThread "Equinox resolver thread - Equinox Container: 2ce3aea2-4598-4e34-8060-9a201fcfcc3f" daemon [_thread_blocked, id=37460, stack(0x0000000ea9e00000,0x0000000ea9f00000) (1024K)]
  0x0000019d62a544a0 JavaThread "Equinox resolver thread - Equinox Container: 2ce3aea2-4598-4e34-8060-9a201fcfcc3f" daemon [_thread_blocked, id=4700, stack(0x0000000ea9f00000,0x0000000eaa000000) (1024K)]
  0x0000019d67161a10 JavaThread "Equinox resolver thread - Equinox Container: 2ce3aea2-4598-4e34-8060-9a201fcfcc3f" daemon [_thread_blocked, id=13988, stack(0x0000000eaa000000,0x0000000eaa100000) (1024K)]
  0x0000019d67056b60 JavaThread "Equinox resolver thread - Equinox Container: 2ce3aea2-4598-4e34-8060-9a201fcfcc3f" daemon [_thread_blocked, id=10884, stack(0x0000000eaa100000,0x0000000eaa200000) (1024K)]
  0x0000019d62d75040 JavaThread "Equinox resolver thread - Equinox Container: 2ce3aea2-4598-4e34-8060-9a201fcfcc3f" daemon [_thread_blocked, id=2488, stack(0x0000000eaa200000,0x0000000eaa300000) (1024K)]
  0x0000019d62d756b0 JavaThread "Equinox resolver thread - Equinox Container: 2ce3aea2-4598-4e34-8060-9a201fcfcc3f" daemon [_thread_blocked, id=376, stack(0x0000000eaa300000,0x0000000eaa400000) (1024K)]
  0x0000019d67165ed0 JavaThread "Active Thread: Equinox Container: 2ce3aea2-4598-4e34-8060-9a201fcfcc3f"        [_thread_blocked, id=6368, stack(0x0000000eaa400000,0x0000000eaa500000) (1024K)]
  0x0000019d624b3970 JavaThread "Framework Event Dispatcher: Equinox Container: 2ce3aea2-4598-4e34-8060-9a201fcfcc3f" daemon [_thread_blocked, id=25404, stack(0x0000000ea9400000,0x0000000ea9500000) (1024K)]
  0x0000019d624b1f30 JavaThread "Start Level: Equinox Container: 2ce3aea2-4598-4e34-8060-9a201fcfcc3f" daemon [_thread_in_vm, id=11236, stack(0x0000000ea9700000,0x0000000ea9800000) (1024K)]
  0x0000019d6709b010 JavaThread "C2 CompilerThread1"         daemon [_thread_blocked, id=22856, stack(0x0000000eaa600000,0x0000000eaa700000) (1024K)]
  0x0000019d624b25c0 JavaThread "Refresh Thread: Equinox Container: 2ce3aea2-4598-4e34-8060-9a201fcfcc3f" daemon [_thread_blocked, id=4516, stack(0x0000000eaa700000,0x0000000eaa800000) (1024K)]
  0x0000019d624b4d20 JavaThread "Equinox resolver thread - Equinox Container: 2ce3aea2-4598-4e34-8060-9a201fcfcc3f" daemon [_thread_blocked, id=34596, stack(0x0000000eaa800000,0x0000000eaa900000) (1024K)]
  0x0000019d624b32e0 JavaThread "Equinox resolver thread - Equinox Container: 2ce3aea2-4598-4e34-8060-9a201fcfcc3f" daemon [_thread_blocked, id=14200, stack(0x0000000eaa900000,0x0000000eaaa00000) (1024K)]
  0x0000019d624b2c50 JavaThread "Equinox resolver thread - Equinox Container: 2ce3aea2-4598-4e34-8060-9a201fcfcc3f" daemon [_thread_blocked, id=17472, stack(0x0000000eaaa00000,0x0000000eaab00000) (1024K)]
  0x0000019d624b4000 JavaThread "Equinox resolver thread - Equinox Container: 2ce3aea2-4598-4e34-8060-9a201fcfcc3f" daemon [_thread_blocked, id=17024, stack(0x0000000eaab00000,0x0000000eaac00000) (1024K)]
  0x0000019d624b18a0 JavaThread "Equinox resolver thread - Equinox Container: 2ce3aea2-4598-4e34-8060-9a201fcfcc3f" daemon [_thread_blocked, id=22712, stack(0x0000000eaac00000,0x0000000eaad00000) (1024K)]
  0x0000019d624b4690 JavaThread "Equinox resolver thread - Equinox Container: 2ce3aea2-4598-4e34-8060-9a201fcfcc3f" daemon [_thread_blocked, id=1972, stack(0x0000000eaad00000,0x0000000eaae00000) (1024K)]
  0x0000019d62c9cc00 JavaThread "C2 CompilerThread2"         daemon [_thread_blocked, id=3600, stack(0x0000000eaae00000,0x0000000eaaf00000) (1024K)]
  0x0000019d677cbdf0 JavaThread "SCR Component Actor"        daemon [_thread_blocked, id=37084, stack(0x0000000eaaf00000,0x0000000eab000000) (1024K)]
  0x0000019d677cf270 JavaThread "Worker-JM"                         [_thread_blocked, id=16232, stack(0x0000000eab200000,0x0000000eab300000) (1024K)]
  0x0000019d677ce550 JavaThread "Worker-0"                          [_thread_blocked, id=32656, stack(0x0000000eab300000,0x0000000eab400000) (1024K)]
  0x0000019d677cc480 JavaThread "Worker-1"                          [_thread_blocked, id=31956, stack(0x0000000eab400000,0x0000000eab500000) (1024K)]
Total: 33

Other Threads:
  0x0000019d088b97c0 VMThread "VM Thread"                           [id=21400, stack(0x0000000ea8b00000,0x0000000ea8c00000) (1024K)]
  0x0000019d08866420 WatcherThread "VM Periodic Task Thread"        [id=35680, stack(0x0000000ea8a00000,0x0000000ea8b00000) (1024K)]
  0x0000019d08819810 WorkerThread "GC Thread#0"                     [id=37060, stack(0x0000000ea8900000,0x0000000ea8a00000) (1024K)]
  0x0000019d628f7460 WorkerThread "GC Thread#1"                     [id=35280, stack(0x0000000ea9800000,0x0000000ea9900000) (1024K)]
  0x0000019d62b0b3f0 WorkerThread "GC Thread#2"                     [id=12388, stack(0x0000000ea9900000,0x0000000ea9a00000) (1024K)]
  0x0000019d628fac10 WorkerThread "GC Thread#3"                     [id=18692, stack(0x0000000ea9a00000,0x0000000ea9b00000) (1024K)]
  0x0000019d6259ba50 WorkerThread "GC Thread#4"                     [id=34436, stack(0x0000000ea9b00000,0x0000000ea9c00000) (1024K)]
  0x0000019d6259be00 WorkerThread "GC Thread#5"                     [id=10452, stack(0x0000000ea9c00000,0x0000000ea9d00000) (1024K)]
  0x0000019d6259c5c0 WorkerThread "GC Thread#6"                     [id=23068, stack(0x0000000ea9d00000,0x0000000ea9e00000) (1024K)]
  0x0000019d62d81110 WorkerThread "GC Thread#7"                     [id=23556, stack(0x0000000eaa500000,0x0000000eaa600000) (1024K)]
  0x0000019d676414e0 WorkerThread "GC Thread#8"                     [id=10400, stack(0x0000000eab000000,0x0000000eab100000) (1024K)]
  0x0000019d67641890 WorkerThread "GC Thread#9"                     [id=18496, stack(0x0000000eab100000,0x0000000eab200000) (1024K)]
Total: 12

Threads with active compile tasks:
C2 CompilerThread0  6930 3250       4       java.lang.invoke.MethodType::makeImpl (109 bytes)
Total: 1

VM state: not at safepoint (normal execution)

VM Mutex/Monitor currently owned by a thread: None

Heap address: 0x0000000080000000, size: 2048 MB, Compressed Oops mode: 32-bit

CDS archive(s) mapped at: [0x0000019d20000000-0x0000019d20ba0000-0x0000019d20ba0000), size 12189696, SharedBaseAddress: 0x0000019d20000000, ArchiveRelocationMode: 1.
Compressed class space mapped at: 0x0000019d21000000-0x0000019d61000000, reserved size: 1073741824
Narrow klass base: 0x0000019d20000000, Narrow klass shift: 0, Narrow klass range: 0x100000000

GC Precious Log:
 CardTable entry size: 512
 CPUs: 12 total, 12 available
 Memory: 32689M
 Large Page Support: Disabled
 NUMA Support: Disabled
 Compressed Oops: Enabled (32-bit)
 Alignments: Space 512K, Generation 512K, Heap 2M
 Heap Min Capacity: 100M
 Heap Initial Capacity: 100M
 Heap Max Capacity: 2G
 Pre-touch: Disabled
 Parallel Workers: 10

Heap:
 PSYoungGen      total 29184K, used 22904K [0x00000000d5580000, 0x00000000d7a00000, 0x0000000100000000)
  eden space 25088K, 76% used [0x00000000d5580000,0x00000000d6827770,0x00000000d6e00000)
  from space 4096K, 99% used [0x00000000d6e80000,0x00000000d727dab0,0x00000000d7280000)
  to   space 6144K, 0% used [0x00000000d7400000,0x00000000d7400000,0x00000000d7a00000)
 ParOldGen       total 68608K, used 9903K [0x0000000080000000, 0x0000000084300000, 0x00000000d5580000)
  object space 68608K, 14% used [0x0000000080000000,0x00000000809abfd8,0x0000000084300000)
 Metaspace       used 18953K, committed 19584K, reserved 1114112K
  class space    used 1838K, committed 2112K, reserved 1048576K

Card table byte_map: [0x0000019d081b0000,0x0000019d085c0000] _byte_map_base: 0x0000019d07db0000

Marking Bits: (ParMarkBitMap*) 0x00007ff90abf3450
 Begin Bits: [0x0000019d1acb0000, 0x0000019d1ccb0000)
 End Bits:   [0x0000019d1ccb0000, 0x0000019d1ecb0000)

Polling page: 0x0000019d06670000

Metaspace:

Usage:
  Non-class:     16.71 MB used.
      Class:      1.80 MB used.
       Both:     18.51 MB used.

Virtual space:
  Non-class space:       64.00 MB reserved,      17.06 MB ( 27%) committed,  1 nodes.
      Class space:        1.00 GB reserved,       2.06 MB ( <1%) committed,  1 nodes.
             Both:        1.06 GB reserved,      19.12 MB (  2%) committed. 

Chunk freelists:
   Non-Class:  14.28 MB
       Class:  13.98 MB
        Both:  28.27 MB

MaxMetaspaceSize: unlimited
CompressedClassSpaceSize: 1.00 GB
Initial GC threshold: 21.00 MB
Current GC threshold: 21.00 MB
CDS: on
 - commit_granule_bytes: 65536.
 - commit_granule_words: 8192.
 - virtual_space_node_default_size: 8388608.
 - enlarge_chunks_in_place: 1.
 - use_allocation_guard: 0.


Internal statistics:

num_allocs_failed_limit: 0.
num_arena_births: 468.
num_arena_deaths: 0.
num_vsnodes_births: 2.
num_vsnodes_deaths: 0.
num_space_committed: 306.
num_space_uncommitted: 0.
num_chunks_returned_to_freelist: 0.
num_chunks_taken_from_freelist: 1133.
num_chunk_merges: 0.
num_chunk_splits: 743.
num_chunks_enlarged: 486.
num_inconsistent_stats: 0.

CodeHeap 'non-profiled nmethods': size=120000Kb used=1426Kb max_used=1426Kb free=118574Kb
 bounds [0x0000019d134d0000, 0x0000019d13740000, 0x0000019d1aa00000]
CodeHeap 'profiled nmethods': size=120000Kb used=6901Kb max_used=6901Kb free=113098Kb
 bounds [0x0000019d0ba00000, 0x0000019d0c0c0000, 0x0000019d12f30000]
CodeHeap 'non-nmethods': size=5760Kb used=1264Kb max_used=1302Kb free=4495Kb
 bounds [0x0000019d12f30000, 0x0000019d131a0000, 0x0000019d134d0000]
CodeCache: size=245760Kb, used=9591Kb, max_used=9629Kb, free=236167Kb
 total_blobs=3857, nmethods=3320, adapters=443, full_count=0
Compilation: enabled, stopped_count=0, restarted_count=0

Compilation events (20 events):
Event: 6.877 Thread 0x0000019d6709b010 3316       4       org.eclipse.osgi.internal.hookregistry.ClassLoaderHook::recordClassDefine (1 bytes)
Event: 6.878 Thread 0x0000019d6709b010 nmethod 3316 0x0000019d13632b90 code [0x0000019d13632d20, 0x0000019d13632da8]
Event: 6.881 Thread 0x0000019d6223fd20 3317       1       java.lang.invoke.MethodHandleImpl$IntrinsicMethodHandle::getTarget (5 bytes)
Event: 6.881 Thread 0x0000019d6223fd20 nmethod 3317 0x0000019d13632e90 code [0x0000019d13633020, 0x0000019d136330e8]
Event: 6.887 Thread 0x0000019d62c9cc00 3318       4       java.util.Arrays::rangeCheck (74 bytes)
Event: 6.888 Thread 0x0000019d62c9cc00 nmethod 3318 0x0000019d13633190 code [0x0000019d13633320, 0x0000019d136333e8]
Event: 6.888 Thread 0x0000019d62c9cc00 3319   !   4       java.util.WeakHashMap::expungeStaleEntries (139 bytes)
Event: 6.891 Thread 0x0000019d62c9cc00 nmethod 3319 0x0000019d13633490 code [0x0000019d13633680, 0x0000019d13633a48]
Event: 6.896 Thread 0x0000019d6223fd20 3320       3       org.lombokweb.asm.SymbolTable::addConstantIntegerOrFloat (21 bytes)
Event: 6.896 Thread 0x0000019d6223fd20 nmethod 3320 0x0000019d0c0b8a10 code [0x0000019d0c0b8be0, 0x0000019d0c0b8e48]
Event: 6.897 Thread 0x0000019d6223fd20 3321       3       org.lombokweb.asm.SymbolTable::addConstant (317 bytes)
Event: 6.897 Thread 0x0000019d62c9cc00 3323       4       org.lombokweb.asm.SymbolTable::get (13 bytes)
Event: 6.897 Thread 0x0000019d62c9cc00 nmethod 3323 0x0000019d13633e90 code [0x0000019d13634020, 0x0000019d13634120]
Event: 6.898 Thread 0x0000019d6223fd20 nmethod 3321 0x0000019d0c0b8f90 code [0x0000019d0c0b9540, 0x0000019d0c0bc690]
Event: 6.898 Thread 0x0000019d6223fd20 3324       3       org.lombokweb.asm.ByteVector::putInt (74 bytes)
Event: 6.898 Thread 0x0000019d6223fd20 nmethod 3324 0x0000019d0c0bd110 code [0x0000019d0c0bd2c0, 0x0000019d0c0bd510]
Event: 6.898 Thread 0x0000019d6223fd20 3322       1       lombok.patcher.scripts.AddFieldScript::access$0 (5 bytes)
Event: 6.898 Thread 0x0000019d6223fd20 nmethod 3322 0x0000019d13634210 code [0x0000019d136343a0, 0x0000019d13634450]
Event: 6.902 Thread 0x0000019d6223fd20 3325       1       org.eclipse.osgi.internal.loader.sources.PackageSource::getId (5 bytes)
Event: 6.902 Thread 0x0000019d6223fd20 nmethod 3325 0x0000019d13634510 code [0x0000019d136346a0, 0x0000019d13634768]

GC Heap History (10 events):
Event: 0.786 GC heap before
{Heap before GC invocations=1 (full 0):
 PSYoungGen      total 29696K, used 25600K [0x00000000d5580000, 0x00000000d7680000, 0x0000000100000000)
  eden space 25600K, 100% used [0x00000000d5580000,0x00000000d6e80000,0x00000000d6e80000)
  from space 4096K, 0% used [0x00000000d7280000,0x00000000d7280000,0x00000000d7680000)
  to   space 4096K, 0% used [0x00000000d6e80000,0x00000000d6e80000,0x00000000d7280000)
 ParOldGen       total 68608K, used 0K [0x0000000080000000, 0x0000000084300000, 0x00000000d5580000)
  object space 68608K, 0% used [0x0000000080000000,0x0000000080000000,0x0000000084300000)
 Metaspace       used 4493K, committed 4672K, reserved 1114112K
  class space    used 493K, committed 576K, reserved 1048576K
}
Event: 0.792 GC heap after
{Heap after GC invocations=1 (full 0):
 PSYoungGen      total 29696K, used 3271K [0x00000000d5580000, 0x00000000d7680000, 0x0000000100000000)
  eden space 25600K, 0% used [0x00000000d5580000,0x00000000d5580000,0x00000000d6e80000)
  from space 4096K, 79% used [0x00000000d6e80000,0x00000000d71b1e98,0x00000000d7280000)
  to   space 4096K, 0% used [0x00000000d7280000,0x00000000d7280000,0x00000000d7680000)
 ParOldGen       total 68608K, used 16K [0x0000000080000000, 0x0000000084300000, 0x00000000d5580000)
  object space 68608K, 0% used [0x0000000080000000,0x0000000080004000,0x0000000084300000)
 Metaspace       used 4493K, committed 4672K, reserved 1114112K
  class space    used 493K, committed 576K, reserved 1048576K
}
Event: 5.939 GC heap before
{Heap before GC invocations=2 (full 0):
 PSYoungGen      total 29696K, used 28746K [0x00000000d5580000, 0x00000000d7680000, 0x0000000100000000)
  eden space 25600K, 99% used [0x00000000d5580000,0x00000000d6e60a10,0x00000000d6e80000)
  from space 4096K, 79% used [0x00000000d6e80000,0x00000000d71b1e98,0x00000000d7280000)
  to   space 4096K, 0% used [0x00000000d7280000,0x00000000d7280000,0x00000000d7680000)
 ParOldGen       total 68608K, used 16K [0x0000000080000000, 0x0000000084300000, 0x00000000d5580000)
  object space 68608K, 0% used [0x0000000080000000,0x0000000080004000,0x0000000084300000)
 Metaspace       used 8348K, committed 8640K, reserved 1114112K
  class space    used 890K, committed 1024K, reserved 1048576K
}
Event: 5.941 GC heap after
{Heap after GC invocations=2 (full 0):
 PSYoungGen      total 29696K, used 4092K [0x00000000d5580000, 0x00000000d7680000, 0x0000000100000000)
  eden space 25600K, 0% used [0x00000000d5580000,0x00000000d5580000,0x00000000d6e80000)
  from space 4096K, 99% used [0x00000000d7280000,0x00000000d767f160,0x00000000d7680000)
  to   space 4096K, 0% used [0x00000000d6e80000,0x00000000d6e80000,0x00000000d7280000)
 ParOldGen       total 68608K, used 40K [0x0000000080000000, 0x0000000084300000, 0x00000000d5580000)
  object space 68608K, 0% used [0x0000000080000000,0x000000008000a000,0x0000000084300000)
 Metaspace       used 8348K, committed 8640K, reserved 1114112K
  class space    used 890K, committed 1024K, reserved 1048576K
}
Event: 6.164 GC heap before
{Heap before GC invocations=3 (full 0):
 PSYoungGen      total 29696K, used 29692K [0x00000000d5580000, 0x00000000d7680000, 0x0000000100000000)
  eden space 25600K, 100% used [0x00000000d5580000,0x00000000d6e80000,0x00000000d6e80000)
  from space 4096K, 99% used [0x00000000d7280000,0x00000000d767f160,0x00000000d7680000)
  to   space 4096K, 0% used [0x00000000d6e80000,0x00000000d6e80000,0x00000000d7280000)
 ParOldGen       total 68608K, used 40K [0x0000000080000000, 0x0000000084300000, 0x00000000d5580000)
  object space 68608K, 0% used [0x0000000080000000,0x000000008000a000,0x0000000084300000)
 Metaspace       used 8875K, committed 9152K, reserved 1114112K
  class space    used 923K, committed 1088K, reserved 1048576K
}
Event: 6.169 GC heap after
{Heap after GC invocations=3 (full 0):
 PSYoungGen      total 29696K, used 4085K [0x00000000d5580000, 0x00000000d7680000, 0x0000000100000000)
  eden space 25600K, 0% used [0x00000000d5580000,0x00000000d5580000,0x00000000d6e80000)
  from space 4096K, 99% used [0x00000000d6e80000,0x00000000d727d5b8,0x00000000d7280000)
  to   space 4096K, 0% used [0x00000000d7280000,0x00000000d7280000,0x00000000d7680000)
 ParOldGen       total 68608K, used 6381K [0x0000000080000000, 0x0000000084300000, 0x00000000d5580000)
  object space 68608K, 9% used [0x0000000080000000,0x000000008063b458,0x0000000084300000)
 Metaspace       used 8875K, committed 9152K, reserved 1114112K
  class space    used 923K, committed 1088K, reserved 1048576K
}
Event: 6.531 GC heap before
{Heap before GC invocations=4 (full 0):
 PSYoungGen      total 29696K, used 29685K [0x00000000d5580000, 0x00000000d7680000, 0x0000000100000000)
  eden space 25600K, 100% used [0x00000000d5580000,0x00000000d6e80000,0x00000000d6e80000)
  from space 4096K, 99% used [0x00000000d6e80000,0x00000000d727d5b8,0x00000000d7280000)
  to   space 4096K, 0% used [0x00000000d7280000,0x00000000d7280000,0x00000000d7680000)
 ParOldGen       total 68608K, used 6381K [0x0000000080000000, 0x0000000084300000, 0x00000000d5580000)
  object space 68608K, 9% used [0x0000000080000000,0x000000008063b458,0x0000000084300000)
 Metaspace       used 12516K, committed 12992K, reserved 1114112K
  class space    used 1315K, committed 1536K, reserved 1048576K
}
Event: 6.536 GC heap after
{Heap after GC invocations=4 (full 0):
 PSYoungGen      total 29696K, used 4067K [0x00000000d5580000, 0x00000000d7680000, 0x0000000100000000)
  eden space 25600K, 0% used [0x00000000d5580000,0x00000000d5580000,0x00000000d6e80000)
  from space 4096K, 99% used [0x00000000d7280000,0x00000000d7678e30,0x00000000d7680000)
  to   space 4096K, 0% used [0x00000000d6e80000,0x00000000d6e80000,0x00000000d7280000)
 ParOldGen       total 68608K, used 8225K [0x0000000080000000, 0x0000000084300000, 0x00000000d5580000)
  object space 68608K, 11% used [0x0000000080000000,0x00000000808085c8,0x0000000084300000)
 Metaspace       used 12516K, committed 12992K, reserved 1114112K
  class space    used 1315K, committed 1536K, reserved 1048576K
}
Event: 6.834 GC heap before
{Heap before GC invocations=5 (full 0):
 PSYoungGen      total 29696K, used 29667K [0x00000000d5580000, 0x00000000d7680000, 0x0000000100000000)
  eden space 25600K, 100% used [0x00000000d5580000,0x00000000d6e80000,0x00000000d6e80000)
  from space 4096K, 99% used [0x00000000d7280000,0x00000000d7678e30,0x00000000d7680000)
  to   space 4096K, 0% used [0x00000000d6e80000,0x00000000d6e80000,0x00000000d7280000)
 ParOldGen       total 68608K, used 8225K [0x0000000080000000, 0x0000000084300000, 0x00000000d5580000)
  object space 68608K, 11% used [0x0000000080000000,0x00000000808085c8,0x0000000084300000)
 Metaspace       used 16795K, committed 17408K, reserved 1114112K
  class space    used 1722K, committed 1984K, reserved 1048576K
}
Event: 6.836 GC heap after
{Heap after GC invocations=5 (full 0):
 PSYoungGen      total 29184K, used 4086K [0x00000000d5580000, 0x00000000d7a00000, 0x0000000100000000)
  eden space 25088K, 0% used [0x00000000d5580000,0x00000000d5580000,0x00000000d6e00000)
  from space 4096K, 99% used [0x00000000d6e80000,0x00000000d727dab0,0x00000000d7280000)
  to   space 6144K, 0% used [0x00000000d7400000,0x00000000d7400000,0x00000000d7a00000)
 ParOldGen       total 68608K, used 9903K [0x0000000080000000, 0x0000000084300000, 0x00000000d5580000)
  object space 68608K, 14% used [0x0000000080000000,0x00000000809abfd8,0x0000000084300000)
 Metaspace       used 16795K, committed 17408K, reserved 1114112K
  class space    used 1722K, committed 1984K, reserved 1048576K
}

Dll operation events (9 events):
Event: 0.033 Loaded shared library c:\Users\Meows\.cursor\extensions\redhat.java-1.54.0-win32-x64\jre\21.0.10-win32-x86_64\bin\java.dll
Event: 0.103 Loaded shared library c:\Users\Meows\.cursor\extensions\redhat.java-1.54.0-win32-x64\jre\21.0.10-win32-x86_64\bin\zip.dll
Event: 0.152 Loaded shared library C:\Users\Meows\.cursor\extensions\redhat.java-1.54.0-win32-x64\jre\21.0.10-win32-x86_64\bin\instrument.dll
Event: 0.157 Loaded shared library C:\Users\Meows\.cursor\extensions\redhat.java-1.54.0-win32-x64\jre\21.0.10-win32-x86_64\bin\net.dll
Event: 0.161 Loaded shared library C:\Users\Meows\.cursor\extensions\redhat.java-1.54.0-win32-x64\jre\21.0.10-win32-x86_64\bin\nio.dll
Event: 0.163 Loaded shared library C:\Users\Meows\.cursor\extensions\redhat.java-1.54.0-win32-x64\jre\21.0.10-win32-x86_64\bin\zip.dll
Event: 0.182 Loaded shared library C:\Users\Meows\.cursor\extensions\redhat.java-1.54.0-win32-x64\jre\21.0.10-win32-x86_64\bin\jimage.dll
Event: 0.242 Loaded shared library c:\Users\Meows\.cursor\extensions\redhat.java-1.54.0-win32-x64\jre\21.0.10-win32-x86_64\bin\verify.dll
Event: 6.099 Loaded shared library C:\Users\Meows\AppData\Roaming\Cursor\User\globalStorage\redhat.java\1.54.0\config_ss_win\org.eclipse.equinox.launcher\org.eclipse.equinox.launcher.win32.win32.x86_64_1.3.0.v20260203-2149\eclipse_11919.dll

Deoptimization events (20 events):
Event: 6.818 Thread 0x0000019d624b1f30 Uncommon trap: trap_request=0xffffffde fr.pc=0x0000019d136156c4 relative=0x00000000000003e4
Event: 6.818 Thread 0x0000019d624b1f30 Uncommon trap: reason=class_check action=maybe_recompile pc=0x0000019d136156c4 method=java.util.regex.Pattern$BmpCharPropertyGreedy.match(Ljava/util/regex/Matcher;ILjava/lang/CharSequence;)Z @ 70 c2
Event: 6.818 Thread 0x0000019d624b1f30 DEOPT PACKING pc=0x0000019d136156c4 sp=0x0000000ea97ef210
Event: 6.818 Thread 0x0000019d624b1f30 DEOPT UNPACKING pc=0x0000019d12f83aa2 sp=0x0000000ea97ef1b8 mode 2
Event: 6.818 Thread 0x0000019d624b1f30 Uncommon trap: trap_request=0xffffff45 fr.pc=0x0000019d13616814 relative=0x00000000000006d4
Event: 6.818 Thread 0x0000019d624b1f30 Uncommon trap: reason=unstable_if action=reinterpret pc=0x0000019d13616814 method=java.util.regex.Matcher.search(I)Z @ 30 c2
Event: 6.818 Thread 0x0000019d624b1f30 DEOPT PACKING pc=0x0000019d13616814 sp=0x0000000ea97ef760
Event: 6.818 Thread 0x0000019d624b1f30 DEOPT UNPACKING pc=0x0000019d12f83aa2 sp=0x0000000ea97ef740 mode 2
Event: 6.818 Thread 0x0000019d624b1f30 Uncommon trap: trap_request=0xffffffde fr.pc=0x0000019d136156c4 relative=0x00000000000003e4
Event: 6.818 Thread 0x0000019d624b1f30 Uncommon trap: reason=class_check action=maybe_recompile pc=0x0000019d136156c4 method=java.util.regex.Pattern$BmpCharPropertyGreedy.match(Ljava/util/regex/Matcher;ILjava/lang/CharSequence;)Z @ 70 c2
Event: 6.818 Thread 0x0000019d624b1f30 DEOPT PACKING pc=0x0000019d136156c4 sp=0x0000000ea97ef3d0
Event: 6.818 Thread 0x0000019d624b1f30 DEOPT UNPACKING pc=0x0000019d12f83aa2 sp=0x0000000ea97ef378 mode 2
Event: 6.818 Thread 0x0000019d624b1f30 Uncommon trap: trap_request=0xffffffde fr.pc=0x0000019d136156c4 relative=0x00000000000003e4
Event: 6.818 Thread 0x0000019d624b1f30 Uncommon trap: reason=class_check action=maybe_recompile pc=0x0000019d136156c4 method=java.util.regex.Pattern$BmpCharPropertyGreedy.match(Ljava/util/regex/Matcher;ILjava/lang/CharSequence;)Z @ 70 c2
Event: 6.818 Thread 0x0000019d624b1f30 DEOPT PACKING pc=0x0000019d136156c4 sp=0x0000000ea97ef220
Event: 6.818 Thread 0x0000019d624b1f30 DEOPT UNPACKING pc=0x0000019d12f83aa2 sp=0x0000000ea97ef1c8 mode 2
Event: 6.854 Thread 0x0000019d624b1f30 Uncommon trap: trap_request=0xffffff45 fr.pc=0x0000019d1362beb4 relative=0x00000000000008b4
Event: 6.854 Thread 0x0000019d624b1f30 Uncommon trap: reason=unstable_if action=reinterpret pc=0x0000019d1362beb4 method=org.lombokweb.asm.ClassReader.readUTF8(I[C)Ljava/lang/String; @ 11 c2
Event: 6.854 Thread 0x0000019d624b1f30 DEOPT PACKING pc=0x0000019d1362beb4 sp=0x0000000ea97ef410
Event: 6.854 Thread 0x0000019d624b1f30 DEOPT UNPACKING pc=0x0000019d12f83aa2 sp=0x0000000ea97ef418 mode 2

Classes loaded (20 events):
Event: 6.825 Loading class java/io/StringReader
Event: 6.825 Loading class java/io/StringReader done
Event: 6.828 Loading class java/util/zip/GZIPInputStream
Event: 6.828 Loading class java/util/zip/GZIPInputStream done
Event: 6.830 Loading class java/net/SocketTimeoutException
Event: 6.830 Loading class java/io/InterruptedIOException
Event: 6.830 Loading class java/io/InterruptedIOException done
Event: 6.830 Loading class java/net/SocketTimeoutException done
Event: 6.830 Loading class java/net/SocketException
Event: 6.830 Loading class java/net/SocketException done
Event: 6.830 Loading class java/net/UnknownHostException
Event: 6.830 Loading class java/net/UnknownHostException done
Event: 6.830 Loading class java/net/ProtocolException
Event: 6.830 Loading class java/net/ProtocolException done
Event: 6.843 Loading class java/lang/ThreadLocal$SuppliedThreadLocal
Event: 6.843 Loading class java/lang/ThreadLocal$SuppliedThreadLocal done
Event: 6.847 Loading class java/lang/NegativeArraySizeException
Event: 6.847 Loading class java/lang/NegativeArraySizeException done
Event: 6.847 Loading class java/io/FileWriter
Event: 6.847 Loading class java/io/FileWriter done

Classes unloaded (0 events):
No events

Classes redefined (0 events):
No events

Internal exceptions (20 events):
Event: 6.669 Thread 0x0000019d624b1f30 Exception <a 'java/lang/NoSuchMethodError'{0x00000000d5fcfd28}: 'void java.lang.invoke.Invokers$Holder.invokeExact_MT(java.lang.Object, java.lang.Object, java.lang.Object, java.lang.Object)'> (0x00000000d5fcfd28) 
thrown [s\src\hotspot\share\interpreter\linkResolver.cpp, line 773]
Event: 6.696 Thread 0x0000019d624b1f30 Exception <a 'java/io/FileNotFoundException'{0x00000000d611eca0}> (0x00000000d611eca0) 
thrown [s\src\hotspot\share\prims\jni.cpp, line 520]
Event: 6.696 Thread 0x0000019d624b1f30 Exception <a 'java/io/FileNotFoundException'{0x00000000d61265f8}> (0x00000000d61265f8) 
thrown [s\src\hotspot\share\prims\jni.cpp, line 520]
Event: 6.760 Thread 0x0000019d624b1f30 Exception <a 'java/lang/NoSuchMethodError'{0x00000000d6672768}: 'java.lang.Object java.lang.invoke.DirectMethodHandle$Holder.newInvokeSpecial(java.lang.Object, java.lang.Object, java.lang.Object, java.lang.Object, java.lang.Object)'> (0x00000000d6672768) 
thrown [s\src\hotspot\share\interpreter\linkResolver.cpp, line 773]
Event: 6.769 Thread 0x0000019d624b1f30 Exception <a 'java/lang/NoSuchMethodError'{0x00000000d6751b78}: 'java.lang.Object java.lang.invoke.DirectMethodHandle$Holder.invokeSpecial(java.lang.Object, java.lang.Object, java.lang.Object, long, java.lang.Object)'> (0x00000000d6751b78) 
thrown [s\src\hotspot\share\interpreter\linkResolver.cpp, line 773]
Event: 6.770 Thread 0x0000019d624b1f30 Exception <a 'java/lang/NoSuchMethodError'{0x00000000d67593c0}: 'java.lang.Object java.lang.invoke.DirectMethodHandle$Holder.newInvokeSpecial(java.lang.Object, java.lang.Object, java.lang.Object, long)'> (0x00000000d67593c0) 
thrown [s\src\hotspot\share\interpreter\linkResolver.cpp, line 773]
Event: 6.770 Thread 0x0000019d624b1f30 Exception <a 'java/lang/NoSuchMethodError'{0x00000000d675d770}: 'java.lang.Object java.lang.invoke.DirectMethodHandle$Holder.invokeSpecial(java.lang.Object, java.lang.Object, java.lang.Object, java.lang.Object, long)'> (0x00000000d675d770) 
thrown [s\src\hotspot\share\interpreter\linkResolver.cpp, line 773]
Event: 6.770 Thread 0x0000019d624b1f30 Exception <a 'java/lang/NoSuchMethodError'{0x00000000d6761390}: 'java.lang.Object java.lang.invoke.Invokers$Holder.linkToTargetMethod(java.lang.Object, java.lang.Object, long, java.lang.Object)'> (0x00000000d6761390) 
thrown [s\src\hotspot\share\interpreter\linkResolver.cpp, line 773]
Event: 6.775 Thread 0x0000019d624b1f30 Exception <a 'java/lang/NoSuchMethodError'{0x00000000d67c36c8}: 'int java.lang.invoke.DirectMethodHandle$Holder.invokeStaticInit(java.lang.Object, java.lang.Object, java.lang.Object)'> (0x00000000d67c36c8) 
thrown [s\src\hotspot\share\interpreter\linkResolver.cpp, line 773]
Event: 6.781 Thread 0x0000019d624b1f30 Exception <a 'java/lang/IncompatibleClassChangeError'{0x00000000d685bad8}: Found class java.lang.Object, but interface was expected> (0x00000000d685bad8) 
thrown [s\src\hotspot\share\interpreter\linkResolver.cpp, line 840]
Event: 6.781 Thread 0x0000019d624b1f30 Exception <a 'java/lang/NoSuchMethodError'{0x00000000d685f688}: 'java.lang.Object java.lang.invoke.DirectMethodHandle$Holder.invokeSpecial(java.lang.Object, java.lang.Object, java.lang.Object, int, java.lang.Object, java.lang.Object)'> (0x00000000d685f688) 
thrown [s\src\hotspot\share\interpreter\linkResolver.cpp, line 773]
Event: 6.782 Thread 0x0000019d624b1f30 Exception <a 'java/lang/NoSuchMethodError'{0x00000000d6867160}: 'java.lang.Object java.lang.invoke.DirectMethodHandle$Holder.newInvokeSpecial(java.lang.Object, java.lang.Object, java.lang.Object, int, java.lang.Object)'> (0x00000000d6867160) 
thrown [s\src\hotspot\share\interpreter\linkResolver.cpp, line 773]
Event: 6.782 Thread 0x0000019d624b1f30 Exception <a 'java/lang/NoSuchMethodError'{0x00000000d686b0e0}: 'java.lang.Object java.lang.invoke.DirectMethodHandle$Holder.invokeSpecial(java.lang.Object, java.lang.Object, java.lang.Object, java.lang.Object, int, java.lang.Object)'> (0x00000000d686b0e0) 
thrown [s\src\hotspot\share\interpreter\linkResolver.cpp, line 773]
Event: 6.782 Thread 0x0000019d624b1f30 Exception <a 'java/lang/NoSuchMethodError'{0x00000000d686ec20}: 'java.lang.Object java.lang.invoke.Invokers$Holder.linkToTargetMethod(java.lang.Object, java.lang.Object, int, java.lang.Object, java.lang.Object)'> (0x00000000d686ec20) 
thrown [s\src\hotspot\share\interpreter\linkResolver.cpp, line 773]
Event: 6.782 Thread 0x0000019d677ce550 Exception <a 'java/lang/NoSuchMethodError'{0x00000000d67a40f8}: 'java.lang.Object java.lang.invoke.DirectMethodHandle$Holder.invokeSpecial(java.lang.Object, java.lang.Object, int, java.lang.Object, java.lang.Object)'> (0x00000000d67a40f8) 
thrown [s\src\hotspot\share\interpreter\linkResolver.cpp, line 773]
Event: 6.783 Thread 0x0000019d677ce550 Exception <a 'java/lang/NoSuchMethodError'{0x00000000d67aae30}: 'java.lang.Object java.lang.invoke.DirectMethodHandle$Holder.newInvokeSpecial(java.lang.Object, java.lang.Object, int, java.lang.Object)'> (0x00000000d67aae30) 
thrown [s\src\hotspot\share\interpreter\linkResolver.cpp, line 773]
Event: 6.783 Thread 0x0000019d677ce550 Exception <a 'java/lang/NoSuchMethodError'{0x00000000d68879f0}: 'java.lang.Object java.lang.invoke.DirectMethodHandle$Holder.invokeSpecial(java.lang.Object, java.lang.Object, java.lang.Object, int, java.lang.Object)'> (0x00000000d68879f0) 
thrown [s\src\hotspot\share\interpreter\linkResolver.cpp, line 773]
Event: 6.791 Thread 0x0000019d624b1f30 Exception <a 'java/lang/NoSuchMethodError'{0x00000000d6991bc8}: 'void java.lang.invoke.DirectMethodHandle$Holder.invokeSpecial(java.lang.Object, java.lang.Object, java.lang.Object, java.lang.Object, java.lang.Object)'> (0x00000000d6991bc8) 
thrown [s\src\hotspot\share\interpreter\linkResolver.cpp, line 773]
Event: 6.809 Thread 0x0000019d624b1f30 Exception <a 'java/lang/NoSuchMethodError'{0x00000000d6b690f8}: 'double java.lang.invoke.DirectMethodHandle$Holder.invokeStatic(java.lang.Object, java.lang.Object)'> (0x00000000d6b690f8) 
thrown [s\src\hotspot\share\interpreter\linkResolver.cpp, line 773]
Event: 6.809 Thread 0x0000019d624b1f30 Exception <a 'java/lang/NoSuchMethodError'{0x00000000d6b6c7b8}: 'double java.lang.invoke.DirectMethodHandle$Holder.invokeStaticInit(java.lang.Object, java.lang.Object)'> (0x00000000d6b6c7b8) 
thrown [s\src\hotspot\share\interpreter\linkResolver.cpp, line 773]

ZGC Phase Switch (0 events):
No events

VM Operations (20 events):
Event: 6.170 Executing safepoint VM operation: ICBufferFull
Event: 6.170 Executing safepoint VM operation: ICBufferFull done
Event: 6.358 Executing non-safepoint VM operation: HandshakeAllThreads (Deoptimize)
Event: 6.358 Executing non-safepoint VM operation: HandshakeAllThreads (Deoptimize) done
Event: 6.444 Executing safepoint VM operation: ICBufferFull
Event: 6.445 Executing safepoint VM operation: ICBufferFull done
Event: 6.531 Executing safepoint VM operation: ParallelGCFailedAllocation (Allocation Failure)
Event: 6.536 Executing safepoint VM operation: ParallelGCFailedAllocation (Allocation Failure) done
Event: 6.591 Executing non-safepoint VM operation: HandshakeAllThreads (Deoptimize)
Event: 6.591 Executing non-safepoint VM operation: HandshakeAllThreads (Deoptimize) done
Event: 6.704 Executing non-safepoint VM operation: HandshakeAllThreads (Deoptimize)
Event: 6.704 Executing non-safepoint VM operation: HandshakeAllThreads (Deoptimize) done
Event: 6.707 Executing non-safepoint VM operation: HandshakeAllThreads (Deoptimize)
Event: 6.707 Executing non-safepoint VM operation: HandshakeAllThreads (Deoptimize) done
Event: 6.716 Executing non-safepoint VM operation: HandshakeAllThreads (Deoptimize)
Event: 6.716 Executing non-safepoint VM operation: HandshakeAllThreads (Deoptimize) done
Event: 6.729 Executing non-safepoint VM operation: HandshakeAllThreads (Deoptimize)
Event: 6.729 Executing non-safepoint VM operation: HandshakeAllThreads (Deoptimize) done
Event: 6.834 Executing safepoint VM operation: ParallelGCFailedAllocation (Allocation Failure)
Event: 6.836 Executing safepoint VM operation: ParallelGCFailedAllocation (Allocation Failure) done

Memory protections (0 events):
No events

Nmethod flushes (0 events):
No events

Events (20 events):
Event: 1.045 Thread 0x0000019d087fb1a0 Thread added: 0x0000019d62d75040
Event: 1.046 Thread 0x0000019d087fb1a0 Thread added: 0x0000019d62d756b0
Event: 1.072 Thread 0x0000019d087fb1a0 Thread added: 0x0000019d67165ed0
Event: 1.231 Thread 0x0000019d627e9d00 Thread exited: 0x0000019d627e9d00
Event: 1.294 Thread 0x0000019d624176d0 Thread exited: 0x0000019d624176d0
Event: 5.936 Thread 0x0000019d087fb1a0 Thread added: 0x0000019d624b3970
Event: 5.937 Thread 0x0000019d087fb1a0 Thread added: 0x0000019d624b1f30
Event: 5.958 Thread 0x0000019d6223fd20 Thread added: 0x0000019d6709b010
Event: 6.093 Thread 0x0000019d087fb1a0 Thread added: 0x0000019d624b25c0
Event: 6.139 Thread 0x0000019d624b25c0 Thread added: 0x0000019d624b4d20
Event: 6.139 Thread 0x0000019d624b25c0 Thread added: 0x0000019d624b32e0
Event: 6.140 Thread 0x0000019d624b25c0 Thread added: 0x0000019d624b2c50
Event: 6.140 Thread 0x0000019d624b25c0 Thread added: 0x0000019d624b4000
Event: 6.140 Thread 0x0000019d624b25c0 Thread added: 0x0000019d624b18a0
Event: 6.140 Thread 0x0000019d624b4d20 Thread added: 0x0000019d624b4690
Event: 6.141 Thread 0x0000019d6709b010 Thread added: 0x0000019d62c9cc00
Event: 6.351 Thread 0x0000019d624b1f30 Thread added: 0x0000019d677cbdf0
Event: 6.616 Thread 0x0000019d624b1f30 Thread added: 0x0000019d677cf270
Event: 6.772 Thread 0x0000019d624b1f30 Thread added: 0x0000019d677ce550
Event: 6.783 Thread 0x0000019d624b1f30 Thread added: 0x0000019d677cc480


Dynamic libraries:
0x00007ff6201c0000 - 0x00007ff6201ce000 	c:\Users\Meows\.cursor\extensions\redhat.java-1.54.0-win32-x64\jre\21.0.10-win32-x86_64\bin\java.exe
0x00007ff9fd890000 - 0x00007ff9fda88000 	C:\WINDOWS\SYSTEM32\ntdll.dll
0x00007ff9fca50000 - 0x00007ff9fcb12000 	C:\WINDOWS\System32\KERNEL32.DLL
0x00007ff9fb410000 - 0x00007ff9fb706000 	C:\WINDOWS\System32\KERNELBASE.dll
0x00007ff9fb7c0000 - 0x00007ff9fb8c0000 	C:\WINDOWS\System32\ucrtbase.dll
0x00007ff9c29e0000 - 0x00007ff9c29f8000 	c:\Users\Meows\.cursor\extensions\redhat.java-1.54.0-win32-x64\jre\21.0.10-win32-x86_64\bin\jli.dll
0x00007ff9fcdd0000 - 0x00007ff9fcf6d000 	C:\WINDOWS\System32\USER32.dll
0x00007ff9fafc0000 - 0x00007ff9fafe2000 	C:\WINDOWS\System32\win32u.dll
0x00007ff9ebbb0000 - 0x00007ff9ebe4b000 	C:\WINDOWS\WinSxS\amd64_microsoft.windows.common-controls_6595b64144ccf1df_6.0.19041.6280_none_60bc30a171f2f3f3\COMCTL32.dll
0x00007ff9fcb40000 - 0x00007ff9fcb6b000 	C:\WINDOWS\System32\GDI32.dll
0x00007ff9fd7b0000 - 0x00007ff9fd84e000 	C:\WINDOWS\System32\msvcrt.dll
0x00007ff9fb250000 - 0x00007ff9fb369000 	C:\WINDOWS\System32\gdi32full.dll
0x00007ff9fb370000 - 0x00007ff9fb40d000 	C:\WINDOWS\System32\msvcp_win.dll
0x00007ff9c1570000 - 0x00007ff9c158e000 	c:\Users\Meows\.cursor\extensions\redhat.java-1.54.0-win32-x64\jre\21.0.10-win32-x86_64\bin\VCRUNTIME140.dll
0x00007ff9fca20000 - 0x00007ff9fca4f000 	C:\WINDOWS\System32\IMM32.DLL
0x00007ff9e8590000 - 0x00007ff9e859c000 	c:\Users\Meows\.cursor\extensions\redhat.java-1.54.0-win32-x64\jre\21.0.10-win32-x86_64\bin\vcruntime140_1.dll
0x00007ff9ac4a0000 - 0x00007ff9ac52d000 	c:\Users\Meows\.cursor\extensions\redhat.java-1.54.0-win32-x64\jre\21.0.10-win32-x86_64\bin\msvcp140.dll
0x00007ff909f30000 - 0x00007ff90acd1000 	c:\Users\Meows\.cursor\extensions\redhat.java-1.54.0-win32-x64\jre\21.0.10-win32-x86_64\bin\server\jvm.dll
0x00007ff9fc1f0000 - 0x00007ff9fc2a1000 	C:\WINDOWS\System32\ADVAPI32.dll
0x00007ff9fcf70000 - 0x00007ff9fd00f000 	C:\WINDOWS\System32\sechost.dll
0x00007ff9fd020000 - 0x00007ff9fd140000 	C:\WINDOWS\System32\RPCRT4.dll
0x00007ff9fb790000 - 0x00007ff9fb7b7000 	C:\WINDOWS\System32\bcrypt.dll
0x00007ff9fcd60000 - 0x00007ff9fcdcb000 	C:\WINDOWS\System32\WS2_32.dll
0x00007ff9fa430000 - 0x00007ff9fa47b000 	C:\WINDOWS\SYSTEM32\POWRPROF.dll
0x00007ff9f2d20000 - 0x00007ff9f2d2a000 	C:\WINDOWS\SYSTEM32\VERSION.dll
0x00007ff9efa80000 - 0x00007ff9efaa7000 	C:\WINDOWS\SYSTEM32\WINMM.dll
0x00007ff9fa2f0000 - 0x00007ff9fa302000 	C:\WINDOWS\SYSTEM32\UMPDC.dll
0x00007ff9f8d90000 - 0x00007ff9f8da2000 	C:\WINDOWS\SYSTEM32\kernel.appcore.dll
0x00007ff9e6c40000 - 0x00007ff9e6c4a000 	c:\Users\Meows\.cursor\extensions\redhat.java-1.54.0-win32-x64\jre\21.0.10-win32-x86_64\bin\jimage.dll
0x00007ff9edf90000 - 0x00007ff9ee191000 	C:\WINDOWS\SYSTEM32\DBGHELP.DLL
0x00007ff9d6710000 - 0x00007ff9d6744000 	C:\WINDOWS\SYSTEM32\dbgcore.DLL
0x00007ff9faf30000 - 0x00007ff9fafb2000 	C:\WINDOWS\System32\bcryptPrimitives.dll
0x00007ff9e5d70000 - 0x00007ff9e5d7f000 	c:\Users\Meows\.cursor\extensions\redhat.java-1.54.0-win32-x64\jre\21.0.10-win32-x86_64\bin\instrument.dll
0x00007ff9c00d0000 - 0x00007ff9c00f0000 	c:\Users\Meows\.cursor\extensions\redhat.java-1.54.0-win32-x64\jre\21.0.10-win32-x86_64\bin\java.dll
0x00007ff9fc2b0000 - 0x00007ff9fca20000 	C:\WINDOWS\System32\SHELL32.dll
0x00007ff9f8f90000 - 0x00007ff9f9735000 	C:\WINDOWS\SYSTEM32\windows.storage.dll
0x00007ff9fd3c0000 - 0x00007ff9fd713000 	C:\WINDOWS\System32\combase.dll
0x00007ff9fa880000 - 0x00007ff9fa8ab000 	C:\WINDOWS\SYSTEM32\Wldp.dll
0x00007ff9fcc90000 - 0x00007ff9fcd5d000 	C:\WINDOWS\System32\OLEAUT32.dll
0x00007ff9fbe70000 - 0x00007ff9fbf1d000 	C:\WINDOWS\System32\SHCORE.dll
0x00007ff9fbf20000 - 0x00007ff9fbf7b000 	C:\WINDOWS\System32\shlwapi.dll
0x00007ff9fae60000 - 0x00007ff9fae84000 	C:\WINDOWS\SYSTEM32\profapi.dll
0x00007ff9bd3a0000 - 0x00007ff9bd3b8000 	c:\Users\Meows\.cursor\extensions\redhat.java-1.54.0-win32-x64\jre\21.0.10-win32-x86_64\bin\zip.dll
0x00007ff9e59f0000 - 0x00007ff9e5a00000 	C:\Users\Meows\.cursor\extensions\redhat.java-1.54.0-win32-x64\jre\21.0.10-win32-x86_64\bin\net.dll
0x00007ff9f5c80000 - 0x00007ff9f5d8a000 	C:\WINDOWS\SYSTEM32\WINHTTP.dll
0x00007ff9fa660000 - 0x00007ff9fa6ca000 	C:\WINDOWS\system32\mswsock.dll
0x00007ff9bcf30000 - 0x00007ff9bcf46000 	C:\Users\Meows\.cursor\extensions\redhat.java-1.54.0-win32-x64\jre\21.0.10-win32-x86_64\bin\nio.dll
0x00007ff9e01a0000 - 0x00007ff9e01b0000 	c:\Users\Meows\.cursor\extensions\redhat.java-1.54.0-win32-x64\jre\21.0.10-win32-x86_64\bin\verify.dll
0x00007ff9b0a20000 - 0x00007ff9b0a65000 	C:\Users\Meows\AppData\Roaming\Cursor\User\globalStorage\redhat.java\1.54.0\config_ss_win\org.eclipse.equinox.launcher\org.eclipse.equinox.launcher.win32.win32.x86_64_1.3.0.v20260203-2149\eclipse_11919.dll
0x00007ff9fd230000 - 0x00007ff9fd35b000 	C:\WINDOWS\System32\ole32.dll

JVMTI agents:
c:\Users\Meows\.cursor\extensions\redhat.java-1.54.0-win32-x64\lombok\lombok-1.18.39-4050.jar path:c:\Users\Meows\.cursor\extensions\redhat.java-1.54.0-win32-x64\jre\21.0.10-win32-x86_64\bin\instrument.dll, loaded, initialized, instrumentlib options:none

dbghelp: loaded successfully - version: 4.0.5 - missing functions: none
symbol engine: initialized successfully - sym options: 0x614 - pdb path: .;c:\Users\Meows\.cursor\extensions\redhat.java-1.54.0-win32-x64\jre\21.0.10-win32-x86_64\bin;C:\WINDOWS\SYSTEM32;C:\WINDOWS\WinSxS\amd64_microsoft.windows.common-controls_6595b64144ccf1df_6.0.19041.6280_none_60bc30a171f2f3f3;c:\Users\Meows\.cursor\extensions\redhat.java-1.54.0-win32-x64\jre\21.0.10-win32-x86_64\bin\server;C:\Users\Meows\AppData\Roaming\Cursor\User\globalStorage\redhat.java\1.54.0\config_ss_win\org.eclipse.equinox.launcher\org.eclipse.equinox.launcher.win32.win32.x86_64_1.3.0.v20260203-2149

VM Arguments:
jvm_args: --add-modules=ALL-SYSTEM --add-opens=java.base/java.util=ALL-UNNAMED --add-opens=java.base/java.lang=ALL-UNNAMED --add-opens=java.base/sun.nio.fs=ALL-UNNAMED -Declipse.application=org.eclipse.jdt.ls.core.id1 -Dosgi.bundles.defaultStartLevel=4 -Declipse.product=org.eclipse.jdt.ls.core.product -Djava.import.generatesMetadataFilesAtProjectRoot=false -DDetectVMInstallationsJob.disabled=true -Dfile.encoding=utf8 -XX:+UseParallelGC -XX:GCTimeRatio=4 -XX:AdaptiveSizePolicyWeight=90 -Dsun.zip.disableMemoryMapping=true -Xmx2G -Xms100m -Xlog:disable -javaagent:c:\Users\Meows\.cursor\extensions\redhat.java-1.54.0-win32-x64\lombok\lombok-1.18.39-4050.jar 
java_command: c:\Users\Meows\.cursor\extensions\redhat.java-1.54.0-win32-x64\server\plugins\org.eclipse.equinox.launcher_1.7.100.v20251111-0406.jar -configuration c:\Users\Meows\AppData\Roaming\Cursor\User\globalStorage\redhat.java\1.54.0\config_ss_win -data c:\Users\Meows\AppData\Roaming\Cursor\User\workspaceStorage\7809781056538ad79a90337956619b81\redhat.java\ss_ws --pipe=\\.\pipe\lsp-0051663f9f71d28e6f7f4366618728ff-sock
java_class_path (initial): c:\Users\Meows\.cursor\extensions\redhat.java-1.54.0-win32-x64\server\plugins\org.eclipse.equinox.launcher_1.7.100.v20251111-0406.jar
Launcher Type: SUN_STANDARD

[Global flags]
    uintx AdaptiveSizePolicyWeight                 = 90                                        {product} {command line}
     intx CICompilerCount                          = 4                                         {product} {ergonomic}
    uintx GCTimeRatio                              = 4                                         {product} {command line}
   size_t InitialHeapSize                          = 104857600                                 {product} {command line}
   size_t MaxHeapSize                              = 2147483648                                {product} {command line}
   size_t MaxNewSize                               = 715653120                                 {product} {ergonomic}
   size_t MinHeapDeltaBytes                        = 524288                                    {product} {ergonomic}
   size_t MinHeapSize                              = 104857600                                 {product} {command line}
   size_t NewSize                                  = 34603008                                  {product} {ergonomic}
    uintx NonNMethodCodeHeapSize                   = 5839372                                {pd product} {ergonomic}
    uintx NonProfiledCodeHeapSize                  = 122909434                              {pd product} {ergonomic}
   size_t OldSize                                  = 70254592                                  {product} {ergonomic}
    uintx ProfiledCodeHeapSize                     = 122909434                              {pd product} {ergonomic}
    uintx ReservedCodeCacheSize                    = 251658240                              {pd product} {ergonomic}
     bool SegmentedCodeCache                       = true                                      {product} {ergonomic}
   size_t SoftMaxHeapSize                          = 2147483648                             {manageable} {ergonomic}
     bool UseCompressedOops                        = true                           {product lp64_product} {ergonomic}
     bool UseLargePagesIndividualAllocation        = false                                  {pd product} {ergonomic}
     bool UseParallelGC                            = true                                      {product} {command line}

Logging:
Log output configuration:
 #0: stdout all=off uptime,level,tags foldmultilines=false
 #1: stderr all=off uptime,level,tags foldmultilines=false

Release file:
JAVA_VERSION="21.0.10" 
MODULES="java.base java.compiler java.datatransfer java.xml java.prefs java.desktop java.instrument java.logging java.management java.security.sasl java.naming java.rmi java.management.rmi java.net.http java.scripting java.security.jgss java.transaction.xa java.sql java.sql.rowset java.xml.crypto java.se java.smartcardio jdk.accessibility jdk.internal.jvmstat jdk.attach jdk.charsets jdk.internal.opt jdk.zipfs jdk.compiler jdk.crypto.ec jdk.crypto.cryptoki jdk.crypto.mscapi jdk.dynalink jdk.internal.ed jdk.editpad jdk.hotspot.agent jdk.httpserver jdk.internal.le jdk.internal.vm.ci jdk.internal.vm.compiler jdk.internal.vm.compiler.management jdk.jartool jdk.javadoc jdk.jcmd jdk.management jdk.management.agent jdk.jconsole jdk.jdeps jdk.jdwp.agent jdk.jdi jdk.jfr jdk.jshell jdk.jsobject jdk.jstatd jdk.localedata jdk.management.jfr jdk.naming.dns jdk.naming.rmi jdk.net jdk.nio.mapmode jdk.random jdk.sctp jdk.security.auth jdk.security.jgss jdk.unsupported jdk.unsupported.desktop jdk.xml.dom" 

Environment Variables:
JAVA_HOME=C:\Program Files\Java\jdk-21.0.2
PATH=C:\Program Files\Zulu\zulu-8\bin\;c:\Users\Meows\AppData\Local\Programs\cursor\resources\app\bin;C:\Program Files (x86)\Common Files\Intel\Shared Libraries\redist\intel64\compiler;C:\Windows\system32;C:\Windows;C:\Windows\System32\Wbem;C:\Windows\System32\WindowsPowerShell\v1.0\;C:\Program Files (x86)\NVIDIA Corporation\PhysX\Common;C:\WINDOWS\system32;C:\WINDOWS;C:\WINDOWS\System32\Wbem;C:\WINDOWS\System32\WindowsPowerShell\v1.0\;C:\WINDOWS\System32\OpenSSH\;C:\Program Files\dotnet\;C:\Program Files (x86)\Bitvise SSH Client;C:\Program Files\WireGuard\;C:\Program Files (x86)\PuTTY\;C:\Users\Meows\AppData\Local\Microsoft\WindowsApps;C:\adb;C:\Program Files\Calibre2\;C:\Users\Meows\AppData\Local\Programs\Python\Python313;C:\Users\Meows\AppData\Local\Programs\Python\Python313\Scripts;C:\Program Files\Git\cmd;C:\php-8.3.12;C:\Program Files\nodejs\;C:\Program Files\maven-3.9.9\bin;C:\Program Files\Java\jdk-21.0.2\bin;C:\Program Files\Docker\Docker\resources\bin;C:\Program Files\Go\bin;C:\Program Files\NVIDIA Corporation\NVIDIA App\NvDLISR;C:\Users\Meows\AppData\Local\Programs\Python\Python313\Scripts\;C:\Users\Meows\AppData\Local\Programs\Python\Python313\;C:\Users\Meows\AppData\Local\Programs\Python\Launcher\;C:\Users\Meows\AppData\Local\Microsoft\WindowsApps;C:\Users\Meows\.dotnet\tools;C:\Program Files\Java\jdk-21.0.2\bin;C:\Users\Meows\AppData\Local\GitHubDesktop\bin;G:\Microsoft VS Code\bin;C:\Users\Meows\AppData\Roaming\npm;F:\Soft\cursor\resources\app\bin;C:\Users\Meows\go\bin
USERNAME=Meows
OS=Windows_NT
PROCESSOR_IDENTIFIER=Intel64 Family 6 Model 165 Stepping 3, GenuineIntel
TMP=C:\Users\Meows\AppData\Local\Temp
TEMP=C:\Users\Meows\AppData\Local\Temp




Periodic native trim disabled

---------------  S Y S T E M  ---------------

OS:
 Windows 10 , 64 bit Build 19041 (10.0.19041.5915)
OS uptime: 17 days 1:46 hours
Hyper-V role detected

CPU: total 12 (initial active 12) (6 cores per cpu, 2 threads per core) family 6 model 165 stepping 3 microcode 0xea, cx8, cmov, fxsr, ht, mmx, 3dnowpref, sse, sse2, sse3, ssse3, sse4.1, sse4.2, popcnt, lzcnt, tsc, tscinvbit, avx, avx2, aes, erms, clmul, bmi1, bmi2, adx, fma, vzeroupper, clflush, clflushopt, hv, rdtscp, f16c
Processor Information for the first 12 processors :
  Max Mhz: 2904, Current Mhz: 2904, Mhz Limit: 2904

Memory: 4k page, system-wide physical 32689M (9774M free)
TotalPageFile size 47635M (AvailPageFile size 3M)
current process WorkingSet (physical memory assigned to process): 137M, peak: 137M
current process commit charge ("private bytes"): 284M, peak: 285M

vm_info: OpenJDK 64-Bit Server VM (21.0.10+7-LTS) for windows-amd64 JRE (21.0.10+7-LTS), built on 2026-01-20T00:00:00Z by "admin" with MS VC++ 17.12 (VS2022)

END.
